[16:31:19] [ServerMain/INFO]: Environment: Environment[sessionHost=https://sessionserver.mojang.com, servicesHost=https://api.minecraftservices.com, name=PROD]
[16:31:20] [ServerMain/INFO]: Loaded 1175 recipes
[16:31:20] [ServerMain/INFO]: Loaded 1276 advancements
[16:31:20] [Server thread/INFO]: Starting minecraft server version 1.20.6
[16:31:20] [Server thread/INFO]: Loading properties
[16:31:20] [Server thread/INFO]: This server is running Paper version 1.20.6-147-ver/1.20.6@e41d44f (2024-06-17T19:24:35Z) (Implementing API version 1.20.6-R0.1-SNAPSHOT)
[16:31:21] [Server thread/INFO]: Server Ping Player Sample Count: 12
[16:31:21] [Server thread/INFO]: Using 4 threads for Netty based IO
[16:31:21] [Server thread/WARN]: [!] The timings profiler has been enabled but has been scheduled for removal from Paper in the future.
    We recommend installing the spark profiler as a replacement: https://spark.lucko.me/
    For more information please visit: https://github.com/PaperMC/Paper/issues/8948
[16:31:21] [Server thread/INFO]: [ChunkTaskScheduler] Chunk system is using 1 I/O threads, 7 worker threads, and gen parallelism of 7 threads
[16:31:21] [Server thread/INFO]: Default game type: SURVIVAL
[16:31:21] [Server thread/INFO]: Generating keypair
[16:31:21] [Server thread/INFO]: Starting Minecraft server on *:25565
[16:31:21] [Server thread/INFO]: Using default channel type
[16:31:21] [Server thread/INFO]: Paper: Using Java compression from Velocity.
[16:31:21] [Server thread/INFO]: Paper: Using Java cipher from Velocity.
[16:31:21] [Server thread/INFO]: [ThePet] Loading server plugin ThePet v1.0
[16:31:21] [Server thread/INFO]: Server permissions file permissions.yml is empty, ignoring it
[16:31:21] [Server thread/INFO]: Preparing level "world"
[16:31:21] [Server thread/INFO]: Preparing start region for dimension minecraft:overworld
[16:31:22] [Server thread/INFO]: Time elapsed: 571 ms
[16:31:22] [Server thread/INFO]: Preparing start region for dimension minecraft:the_nether
[16:31:22] [Server thread/INFO]: Time elapsed: 97 ms
[16:31:22] [Server thread/INFO]: Preparing start region for dimension minecraft:the_end
[16:31:22] [Server thread/INFO]: Time elapsed: 44 ms
[16:31:22] [Server thread/INFO]: [ThePet] Enabling ThePet v1.0
[16:31:22] [Server thread/INFO]: [ThePet] -------------------------- ThePet has been enabled
[16:31:22] [Server thread/INFO]: Running delayed init tasks
[16:31:22] [Server thread/INFO]: Done (2.145s)! For help, type "help"
[16:31:22] [Server thread/INFO]: Timings Reset
[16:34:08] [Server thread/INFO]: Stopping the server
[16:34:08] [Server thread/INFO]: Stopping server
[16:34:08] [Server thread/INFO]: [ThePet] Disabling ThePet v1.0
[16:34:08] [Server thread/INFO]: [ThePet] ThePet has been disabled
[16:34:08] [Server thread/INFO]: Saving players
[16:34:08] [Server thread/INFO]: Saving worlds
[16:34:08] [Server thread/INFO]: Saving chunks for level 'ServerLevel[world]'/minecraft:overworld
[16:34:08] [Server thread/INFO]: [ChunkHolderManager] Waiting 60s for chunk system to halt for world 'world'
[16:34:08] [Server thread/INFO]: [ChunkHolderManager] Halted chunk system for world 'world'
[16:34:08] [Server thread/INFO]: [ChunkHolderManager] Saving all chunkholders for world 'world'
[16:34:08] [Server thread/INFO]: [ChunkHolderManager] Saved 49 block chunks, 49 entity chunks, 0 poi chunks in world 'world' in 0.12s
[16:34:08] [Server thread/INFO]: ThreadedAnvilChunkStorage (world): All chunks are saved
[16:34:08] [Server thread/INFO]: Saving chunks for level 'ServerLevel[world_nether]'/minecraft:the_nether
[16:34:08] [Server thread/INFO]: [ChunkHolderManager] Waiting 60s for chunk system to halt for world 'world_nether'
[16:34:08] [Server thread/INFO]: [ChunkHolderManager] Halted chunk system for world 'world_nether'
[16:34:08] [Server thread/INFO]: [ChunkHolderManager] Saving all chunkholders for world 'world_nether'
[16:34:08] [Server thread/INFO]: [ChunkHolderManager] Saved 49 block chunks, 49 entity chunks, 0 poi chunks in world 'world_nether' in 0.04s
[16:34:08] [Server thread/INFO]: ThreadedAnvilChunkStorage (DIM-1): All chunks are saved
[16:34:08] [Server thread/INFO]: Saving chunks for level 'ServerLevel[world_the_end]'/minecraft:the_end
[16:34:08] [Server thread/INFO]: [ChunkHolderManager] Waiting 60s for chunk system to halt for world 'world_the_end'
[16:34:08] [Server thread/INFO]: [ChunkHolderManager] Halted chunk system for world 'world_the_end'
[16:34:08] [Server thread/INFO]: [ChunkHolderManager] Saving all chunkholders for world 'world_the_end'
[16:34:08] [Server thread/INFO]: [ChunkHolderManager] Saved 49 block chunks, 49 entity chunks, 0 poi chunks in world 'world_the_end' in 0.02s
[16:34:08] [Server thread/INFO]: ThreadedAnvilChunkStorage (DIM1): All chunks are saved
[16:34:08] [Server thread/INFO]: ThreadedAnvilChunkStorage: All dimensions are saved
[16:34:08] [Server thread/INFO]: Flushing Chunk IO
[16:34:08] [Server thread/INFO]: Closing Thread Pool
[16:34:08] [Server thread/INFO]: Closing Server
